<?xml version="1.0" encoding="UTF-8"?>
<!-- Generated by org.testng.reporters.JUnitReportReporter -->
<testsuite skipped="0" hostname="JinpengHedeMacBook-Pro.local" name="TestGetToken" tests="1" failures="0" timestamp="05 九月 2019 10:38:23 GMT" time="1.076" errors="0">
  <testcase name="testToken" time="1.076" classname="TestGetToken"/>
</testsuite> <!-- TestGetToken -->
