<?xml version="1.0" encoding="UTF-8"?>
<!-- Generated by org.testng.reporters.JUnitReportReporter -->
<testsuite skipped="0" hostname="JinpengHedeMacBook-Pro.local" name="wework.contact.MemberTest" tests="7" failures="0" timestamp="05 九月 2019 10:38:23 GMT" time="2.517" errors="0">
  <testcase name="memberCreate" time="0.409" classname="wework.contact.MemberTest"/>
  <testcase name="memberCreateWithAlias" time="0.336" classname="wework.contact.MemberTest"/>
  <testcase name="memberCreateWithAlias" time="0.338" classname="wework.contact.MemberTest"/>
  <testcase name="get" time="0.422" classname="wework.contact.MemberTest"/>
  <testcase name="memberCreate" time="0.340" classname="wework.contact.MemberTest"/>
  <testcase name="memberCreate" time="0.366" classname="wework.contact.MemberTest"/>
  <testcase name="memberCreateWithAlias" time="0.306" classname="wework.contact.MemberTest"/>
</testsuite> <!-- wework.contact.MemberTest -->
