<?xml version="1.0" encoding="UTF-8"?>
<!-- Generated by org.testng.reporters.JUnitReportReporter -->
<testsuite skipped="0" hostname="JinpengHedeMacBook-Pro.local" name="Baidu" tests="2" failures="0" timestamp="05 九月 2019 10:38:23 GMT" time="2.755" errors="0">
  <testcase name="testMp3" time="0.708" classname="Baidu"/>
  <testcase name="testGetHtml" time="2.047" classname="Baidu"/>
</testsuite> <!-- Baidu -->
