<?xml version="1.0" encoding="UTF-8"?>
<!-- Generated by org.testng.reporters.JUnitReportReporter -->
<testsuite skipped="0" hostname="JinpengHedeMacBook-Pro.local" name="wework.contact.DepartmentTest" tests="10" failures="0" timestamp="05 九月 2019 10:38:23 GMT" time="6.119" errors="0">
  <testcase name="createWithDup" time="0.354" classname="wework.contact.DepartmentTest"/>
  <testcase name="update" time="0.719" classname="wework.contact.DepartmentTest"/>
  <testcase name="create" time="0.344" classname="wework.contact.DepartmentTest"/>
  <testcase name="createWithDup" time="1.542" classname="wework.contact.DepartmentTest"/>
  <testcase name="deleteAll" time="1.784" classname="wework.contact.DepartmentTest"/>
  <testcase name="createWithChinese" time="0.158" classname="wework.contact.DepartmentTest"/>
  <testcase name="createWithDup" time="0.339" classname="wework.contact.DepartmentTest"/>
  <testcase name="list" time="0.210" classname="wework.contact.DepartmentTest"/>
  <testcase name="delete" time="0.475" classname="wework.contact.DepartmentTest"/>
  <testcase name="createByMap" time="0.194" classname="wework.contact.DepartmentTest"/>
</testsuite> <!-- wework.contact.DepartmentTest -->
